<?xml version='1.0' encoding='UTF-8'?>
<testsuite hostname="s-macbook-pro" name="wikipedia.WikipediaSuite" tests="5" errors="0" failures="0" skipped="0" time="6.303" timestamp="2020-09-07T11:44:25">
                     <properties>
      <property name="java.specification.version" value="14"/><property name="sun.jnu.encoding" value="UTF-8"/><property name="sun.arch.data.model" value="64"/><property name="sbt.supershell" value="false"/><property name="java.vendor.url" value="https://java.oracle.com/"/><property name="sun.boot.library.path" value="/Users/user0/Library/Java/JavaVirtualMachines/openjdk-14.0.2/Contents/Home/lib"/><property name="sun.java.command" value="/Users/user0/Library/Application Support/JetBrains/Toolbox/apps/IDEA-U/ch-0/201.8743.12/IntelliJ IDEA.app.plugins/Scala/launcher/sbt-launch.jar early(addPluginSbtFile=&quot;&quot;&quot;/private/var/folders/x2/tmpz3xqn37d5np0bf8hlbcyw0000gn/T/idea.sbt&quot;&quot;&quot;) ; set ideaPort in Global := 64765 ; idea-shell"/><property name="jdk.debug" value="release"/><property name="java.specification.vendor" value="Oracle Corporation"/><property name="java.version.date" value="2020-07-14"/><property name="java.home" value="/Users/user0/Library/Java/JavaVirtualMachines/openjdk-14.0.2/Contents/Home"/><property name="file.separator" value="/"/><property name="java.vm.compressedOopsMode" value="Zero based"/><property name="line.separator" value="
"/><property name="java.vm.specification.vendor" value="Oracle Corporation"/><property name="java.specification.name" value="Java Platform API Specification"/><property name="sun.management.compiler" value="HotSpot 64-Bit Tiered Compilers"/><property name="java.runtime.version" value="14.0.2+12-46"/><property name="user.name" value="user0"/><property name="log4j.ignoreTCL" value="true"/><property name="file.encoding" value="UTF-8"/><property name="java.io.tmpdir" value="/var/folders/x2/tmpz3xqn37d5np0bf8hlbcyw0000gn/T/"/><property name="java.version" value="14.0.2"/><property name="java.vm.specification.name" value="Java Virtual Machine Specification"/><property name="java.library.path" value="/Users/user0/Library/Java/Extensions:/Library/Java/Extensions:/Network/Library/Java/Extensions:/System/Library/Java/Extensions:/usr/lib/java:."/><property name="java.vendor" value="Oracle Corporation"/><property name="sun.io.unicode.encoding" value="UnicodeBig"/><property name="socksNonProxyHosts" value="local|*.local|169.254/16|*.169.254/16"/><property name="java.class.path" value="/Users/user0/Library/Application Support/JetBrains/Toolbox/apps/IDEA-U/ch-0/201.8743.12/IntelliJ IDEA.app.plugins/Scala/launcher/sbt-launch.jar"/><property name="java.vm.vendor" value="Oracle Corporation"/><property name="jline.shutdownhook" value="false"/><property name="user.timezone" value="Europe/Moscow"/><property name="java.vm.specification.version" value="14"/><property name="os.name" value="Mac OS X"/><property name="sun.java.launcher" value="SUN_STANDARD"/><property name="user.country" value="GB"/><property name="http.nonProxyHosts" value="local|*.local|169.254/16|*.169.254/16"/><property name="sun.cpu.endian" value="little"/><property name="user.home" value="/Users/user0"/><property name="user.language" value="en"/><property name="swoval.tmpdir" value="/Users/user0/.sbt/1.0"/><property name="jline.esc.timeout" value="0"/><property name="ftp.nonProxyHosts" value="local|*.local|169.254/16|*.169.254/16"/><property name="path.separator" value=":"/><property name="os.version" value="10.15.6"/><property name="jna.nosys" value="true"/><property name="java.runtime.name" value="OpenJDK Runtime Environment"/><property name="java.vm.name" value="OpenJDK 64-Bit Server VM"/><property name="java.vendor.url.bug" value="https://bugreport.java.com/bugreport/"/><property name="user.dir" value="/Users/user0/Developer/progfun-scala/scala-spark-big-data/wikipedia"/><property name="os.arch" value="x86_64"/><property name="idea.managed" value="true"/><property name="java.vm.info" value="mixed mode, sharing"/><property name="java.vm.version" value="14.0.2+12-46"/><property name="java.class.version" value="58.0"/>
    </properties>
                     <testcase classname="wikipedia.WikipediaSuite" name="'rankLangsReduceByKey' should work for a simple RDD with five elements" time="5.475">
                                                 
                                               </testcase><testcase classname="wikipedia.WikipediaSuite" name="'occurrencesOfLang' should work for (specific) RDD with one element" time="0.139">
                                                 
                                               </testcase><testcase classname="wikipedia.WikipediaSuite" name="'rankLangs' should work for RDD with two elements" time="0.252">
                                                 
                                               </testcase><testcase classname="wikipedia.WikipediaSuite" name="'rankLangsUsingIndex' should work for a simple RDD with three elements" time="0.308">
                                                 
                                               </testcase><testcase classname="wikipedia.WikipediaSuite" name="'makeIndex' creates a simple index with two entries" time="0.129">
                                                 
                                               </testcase>
                     <system-out><![CDATA[]]></system-out>
                     <system-err><![CDATA[]]></system-err>
                   </testsuite>