<?xml version='1.0' encoding='UTF-8'?>
<testsuite hostname="s-macbook-pro" name="calculator.CalculatorSuite" tests="13" errors="0" failures="7" skipped="0" time="0.081" timestamp="2020-08-23T21:00:52">
                     <properties>
      <property name="java.specification.version" value="14"/><property name="sun.jnu.encoding" value="UTF-8"/><property name="sun.arch.data.model" value="64"/><property name="sbt.supershell" value="false"/><property name="java.vendor.url" value="https://java.oracle.com/"/><property name="sun.boot.library.path" value="/Users/user0/Library/Java/JavaVirtualMachines/openjdk-14.0.2/Contents/Home/lib"/><property name="sun.java.command" value="/Users/user0/Library/Application Support/JetBrains/IntelliJIdea2020.1/plugins/Scala/launcher/sbt-launch.jar early(addPluginSbtFile=&quot;&quot;&quot;/private/var/folders/x2/tmpz3xqn37d5np0bf8hlbcyw0000gn/T/idea3.sbt&quot;&quot;&quot;) ; set ideaPort in Global := 49350 ; idea-shell"/><property name="jdk.debug" value="release"/><property name="java.specification.vendor" value="Oracle Corporation"/><property name="java.version.date" value="2020-07-14"/><property name="java.home" value="/Users/user0/Library/Java/JavaVirtualMachines/openjdk-14.0.2/Contents/Home"/><property name="file.separator" value="/"/><property name="java.vm.compressedOopsMode" value="Zero based"/><property name="line.separator" value="
"/><property name="java.vm.specification.vendor" value="Oracle Corporation"/><property name="java.specification.name" value="Java Platform API Specification"/><property name="sun.management.compiler" value="HotSpot 64-Bit Tiered Compilers"/><property name="java.runtime.version" value="14.0.2+12-46"/><property name="user.name" value="user0"/><property name="log4j.ignoreTCL" value="true"/><property name="file.encoding" value="UTF-8"/><property name="java.io.tmpdir" value="/var/folders/x2/tmpz3xqn37d5np0bf8hlbcyw0000gn/T/"/><property name="java.version" value="14.0.2"/><property name="java.vm.specification.name" value="Java Virtual Machine Specification"/><property name="java.library.path" value="/Users/user0/Library/Java/Extensions:/Library/Java/Extensions:/Network/Library/Java/Extensions:/System/Library/Java/Extensions:/usr/lib/java:."/><property name="java.vendor" value="Oracle Corporation"/><property name="sun.io.unicode.encoding" value="UnicodeBig"/><property name="socksNonProxyHosts" value="local|*.local|169.254/16|*.169.254/16"/><property name="java.class.path" value="/Users/user0/Library/Application Support/JetBrains/IntelliJIdea2020.1/plugins/Scala/launcher/sbt-launch.jar"/><property name="java.vm.vendor" value="Oracle Corporation"/><property name="jline.shutdownhook" value="false"/><property name="user.timezone" value="Europe/Moscow"/><property name="java.vm.specification.version" value="14"/><property name="os.name" value="Mac OS X"/><property name="sun.java.launcher" value="SUN_STANDARD"/><property name="user.country" value="GB"/><property name="http.nonProxyHosts" value="local|*.local|169.254/16|*.169.254/16"/><property name="sun.cpu.endian" value="little"/><property name="user.home" value="/Users/user0"/><property name="user.language" value="en"/><property name="swoval.tmpdir" value="/Users/user0/.sbt/1.0"/><property name="jline.esc.timeout" value="0"/><property name="ftp.nonProxyHosts" value="local|*.local|169.254/16|*.169.254/16"/><property name="path.separator" value=":"/><property name="os.version" value="10.15.6"/><property name="jna.nosys" value="true"/><property name="java.runtime.name" value="OpenJDK Runtime Environment"/><property name="java.vm.name" value="OpenJDK 64-Bit Server VM"/><property name="java.vendor.url.bug" value="https://bugreport.java.com/bugreport/"/><property name="user.dir" value="/Users/user0/Developer/progfun-scala/progfun2/calculator"/><property name="os.arch" value="x86_64"/><property name="idea.managed" value="true"/><property name="java.vm.info" value="mixed mode, sharing"/><property name="java.vm.version" value="14.0.2+12-46"/><property name="java.class.version" value="58.0"/>
    </properties>
                     <testcase classname="calculator.CalculatorSuite" name="Cyclic dependencies should result in NaN" time="0.015">
                                                 <failure message="scala.NotImplementedError: an implementation is missing" type="sbt.ForkMain$ForkError">sbt.ForkMain$ForkError: scala.NotImplementedError: an implementation is missing
	at scala.Predef$.$qmark$qmark$qmark(Predef.scala:347)
	at calculator.Calculator$.computeValues(Calculator.scala:14)
	at calculator.CalculatorSuite.Cyclic$u0020dependencies$u0020should$u0020result$u0020in$u0020NaN(CalculatorSuite.scala:120)
	at java.base/jdk.internal.reflect.NativeMethodAccessorImpl.invoke0(Native Method)
	at java.base/jdk.internal.reflect.NativeMethodAccessorImpl.invoke(NativeMethodAccessorImpl.java:62)
	at java.base/jdk.internal.reflect.DelegatingMethodAccessorImpl.invoke(DelegatingMethodAccessorImpl.java:43)
	at java.base/java.lang.reflect.Method.invoke(Method.java:564)
	at org.junit.runners.model.FrameworkMethod$1.runReflectiveCall(FrameworkMethod.java:47)
	at org.junit.internal.runners.model.ReflectiveCallable.run(ReflectiveCallable.java:12)
	at org.junit.runners.model.FrameworkMethod.invokeExplosively(FrameworkMethod.java:44)
	at org.junit.internal.runners.statements.InvokeMethod.evaluate(InvokeMethod.java:17)
	at org.junit.internal.runners.statements.FailOnTimeout$StatementThread.run(FailOnTimeout.java:74)
</failure>
                                               </testcase><testcase classname="calculator.CalculatorSuite" name="Self dependency" time="0.002">
                                                 <failure message="scala.NotImplementedError: an implementation is missing" type="sbt.ForkMain$ForkError">sbt.ForkMain$ForkError: scala.NotImplementedError: an implementation is missing
	at scala.Predef$.$qmark$qmark$qmark(Predef.scala:347)
	at calculator.Calculator$.computeValues(Calculator.scala:14)
	at calculator.CalculatorSuite.Self$u0020dependency(CalculatorSuite.scala:105)
	at java.base/jdk.internal.reflect.NativeMethodAccessorImpl.invoke0(Native Method)
	at java.base/jdk.internal.reflect.NativeMethodAccessorImpl.invoke(NativeMethodAccessorImpl.java:62)
	at java.base/jdk.internal.reflect.DelegatingMethodAccessorImpl.invoke(DelegatingMethodAccessorImpl.java:43)
	at java.base/java.lang.reflect.Method.invoke(Method.java:564)
	at org.junit.runners.model.FrameworkMethod$1.runReflectiveCall(FrameworkMethod.java:47)
	at org.junit.internal.runners.model.ReflectiveCallable.run(ReflectiveCallable.java:12)
	at org.junit.runners.model.FrameworkMethod.invokeExplosively(FrameworkMethod.java:44)
	at org.junit.internal.runners.statements.InvokeMethod.evaluate(InvokeMethod.java:17)
	at org.junit.internal.runners.statements.FailOnTimeout$StatementThread.run(FailOnTimeout.java:74)
</failure>
                                               </testcase><testcase classname="calculator.CalculatorSuite" name="If b previously depended on a, but no longer does, then it should not be recomputed anymore when a changes" time="0.003">
                                                 <failure message="scala.NotImplementedError: an implementation is missing" type="sbt.ForkMain$ForkError">sbt.ForkMain$ForkError: scala.NotImplementedError: an implementation is missing
	at scala.Predef$.$qmark$qmark$qmark(Predef.scala:347)
	at calculator.Calculator$.computeValues(Calculator.scala:14)
	at calculator.CalculatorSuite.If$u0020b$u0020previously$u0020depended$u0020on$u0020a$u002C$u0020but$u0020no$u0020longer$u0020does$u002C$u0020then$u0020it$u0020should$u0020not$u0020be$u0020recomputed$u0020anymore$u0020when$u0020a$u0020changes(CalculatorSuite.scala:192)
	at java.base/jdk.internal.reflect.NativeMethodAccessorImpl.invoke0(Native Method)
	at java.base/jdk.internal.reflect.NativeMethodAccessorImpl.invoke(NativeMethodAccessorImpl.java:62)
	at java.base/jdk.internal.reflect.DelegatingMethodAccessorImpl.invoke(DelegatingMethodAccessorImpl.java:43)
	at java.base/java.lang.reflect.Method.invoke(Method.java:564)
	at org.junit.runners.model.FrameworkMethod$1.runReflectiveCall(FrameworkMethod.java:47)
	at org.junit.internal.runners.model.ReflectiveCallable.run(ReflectiveCallable.java:12)
	at org.junit.runners.model.FrameworkMethod.invokeExplosively(FrameworkMethod.java:44)
	at org.junit.internal.runners.statements.InvokeMethod.evaluate(InvokeMethod.java:17)
	at org.junit.internal.runners.statements.FailOnTimeout$StatementThread.run(FailOnTimeout.java:74)
</failure>
                                               </testcase><testcase classname="calculator.CalculatorSuite" name="tweetRemainingCharsCount with a constant signal" time="0.02">
                                                 
                                               </testcase><testcase classname="calculator.CalculatorSuite" name="Expressions corresponding to every variable should be correctly evaluated" time="0.003">
                                                 <failure message="scala.NotImplementedError: an implementation is missing" type="sbt.ForkMain$ForkError">sbt.ForkMain$ForkError: scala.NotImplementedError: an implementation is missing
	at scala.Predef$.$qmark$qmark$qmark(Predef.scala:347)
	at calculator.Calculator$.computeValues(Calculator.scala:14)
	at calculator.CalculatorSuite.Expressions$u0020corresponding$u0020to$u0020every$u0020variable$u0020should$u0020be$u0020correctly$u0020evaluated(CalculatorSuite.scala:148)
	at java.base/jdk.internal.reflect.NativeMethodAccessorImpl.invoke0(Native Method)
	at java.base/jdk.internal.reflect.NativeMethodAccessorImpl.invoke(NativeMethodAccessorImpl.java:62)
	at java.base/jdk.internal.reflect.DelegatingMethodAccessorImpl.invoke(DelegatingMethodAccessorImpl.java:43)
	at java.base/java.lang.reflect.Method.invoke(Method.java:564)
	at org.junit.runners.model.FrameworkMethod$1.runReflectiveCall(FrameworkMethod.java:47)
	at org.junit.internal.runners.model.ReflectiveCallable.run(ReflectiveCallable.java:12)
	at org.junit.runners.model.FrameworkMethod.invokeExplosively(FrameworkMethod.java:44)
	at org.junit.internal.runners.statements.InvokeMethod.evaluate(InvokeMethod.java:17)
	at org.junit.internal.runners.statements.FailOnTimeout$StatementThread.run(FailOnTimeout.java:74)
</failure>
                                               </testcase><testcase classname="calculator.CalculatorSuite" name="tweetRemainingCharsCount's result signal should follow the input signal" time="0.003">
                                                 
                                               </testcase><testcase classname="calculator.CalculatorSuite" name="When an expression changes, other variables that depend on it should be recomputed" time="0.002">
                                                 <failure message="scala.NotImplementedError: an implementation is missing" type="sbt.ForkMain$ForkError">sbt.ForkMain$ForkError: scala.NotImplementedError: an implementation is missing
	at scala.Predef$.$qmark$qmark$qmark(Predef.scala:347)
	at calculator.Calculator$.computeValues(Calculator.scala:14)
	at calculator.CalculatorSuite.When$u0020an$u0020expression$u0020changes$u002C$u0020other$u0020variables$u0020that$u0020depend$u0020on$u0020it$u0020should$u0020be$u0020recomputed(CalculatorSuite.scala:176)
	at java.base/jdk.internal.reflect.NativeMethodAccessorImpl.invoke0(Native Method)
	at java.base/jdk.internal.reflect.NativeMethodAccessorImpl.invoke(NativeMethodAccessorImpl.java:62)
	at java.base/jdk.internal.reflect.DelegatingMethodAccessorImpl.invoke(DelegatingMethodAccessorImpl.java:43)
	at java.base/java.lang.reflect.Method.invoke(Method.java:564)
	at org.junit.runners.model.FrameworkMethod$1.runReflectiveCall(FrameworkMethod.java:47)
	at org.junit.internal.runners.model.ReflectiveCallable.run(ReflectiveCallable.java:12)
	at org.junit.runners.model.FrameworkMethod.invokeExplosively(FrameworkMethod.java:44)
	at org.junit.internal.runners.statements.InvokeMethod.evaluate(InvokeMethod.java:17)
	at org.junit.internal.runners.statements.FailOnTimeout$StatementThread.run(FailOnTimeout.java:74)
</failure>
                                               </testcase><testcase classname="calculator.CalculatorSuite" name="When an expression changes, *only* the variables that depend on it should be recomputed" time="0.011">
                                                 <failure message="scala.NotImplementedError: an implementation is missing" type="sbt.ForkMain$ForkError">sbt.ForkMain$ForkError: scala.NotImplementedError: an implementation is missing
	at scala.Predef$.$qmark$qmark$qmark(Predef.scala:347)
	at calculator.Calculator$.computeValues(Calculator.scala:14)
	at calculator.CalculatorSuite.When$u0020an$u0020expression$u0020changes$u002C$u0020$timesonly$times$u0020the$u0020variables$u0020that$u0020depend$u0020on$u0020it$u0020should$u0020be$u0020recomputed(CalculatorSuite.scala:216)
	at java.base/jdk.internal.reflect.NativeMethodAccessorImpl.invoke0(Native Method)
	at java.base/jdk.internal.reflect.NativeMethodAccessorImpl.invoke(NativeMethodAccessorImpl.java:62)
	at java.base/jdk.internal.reflect.DelegatingMethodAccessorImpl.invoke(DelegatingMethodAccessorImpl.java:43)
	at java.base/java.lang.reflect.Method.invoke(Method.java:564)
	at org.junit.runners.model.FrameworkMethod$1.runReflectiveCall(FrameworkMethod.java:47)
	at org.junit.internal.runners.model.ReflectiveCallable.run(ReflectiveCallable.java:12)
	at org.junit.runners.model.FrameworkMethod.invokeExplosively(FrameworkMethod.java:44)
	at org.junit.internal.runners.statements.InvokeMethod.evaluate(InvokeMethod.java:17)
	at org.junit.internal.runners.statements.FailOnTimeout$StatementThread.run(FailOnTimeout.java:74)
</failure>
                                               </testcase><testcase classname="calculator.CalculatorSuite" name="computeDelta test" time="0.006">
                                                 
                                               </testcase><testcase classname="calculator.CalculatorSuite" name="colorForRemainingCharsCount with a constant signal&quot;" time="0.003">
                                                 
                                               </testcase><testcase classname="calculator.CalculatorSuite" name="tweetRemainingCharsCount with a supplementary char" time="0.001">
                                                 
                                               </testcase><testcase classname="calculator.CalculatorSuite" name="computeSolutions test" time="0.007">
                                                 
                                               </testcase><testcase classname="calculator.CalculatorSuite" name="Referencing an unknown variable should result in NaN" time="0.005">
                                                 <failure message="scala.NotImplementedError: an implementation is missing" type="sbt.ForkMain$ForkError">sbt.ForkMain$ForkError: scala.NotImplementedError: an implementation is missing
	at scala.Predef$.$qmark$qmark$qmark(Predef.scala:347)
	at calculator.Calculator$.computeValues(Calculator.scala:14)
	at calculator.CalculatorSuite.Referencing$u0020an$u0020unknown$u0020variable$u0020should$u0020result$u0020in$u0020NaN(CalculatorSuite.scala:132)
	at java.base/jdk.internal.reflect.NativeMethodAccessorImpl.invoke0(Native Method)
	at java.base/jdk.internal.reflect.NativeMethodAccessorImpl.invoke(NativeMethodAccessorImpl.java:62)
	at java.base/jdk.internal.reflect.DelegatingMethodAccessorImpl.invoke(DelegatingMethodAccessorImpl.java:43)
	at java.base/java.lang.reflect.Method.invoke(Method.java:564)
	at org.junit.runners.model.FrameworkMethod$1.runReflectiveCall(FrameworkMethod.java:47)
	at org.junit.internal.runners.model.ReflectiveCallable.run(ReflectiveCallable.java:12)
	at org.junit.runners.model.FrameworkMethod.invokeExplosively(FrameworkMethod.java:44)
	at org.junit.internal.runners.statements.InvokeMethod.evaluate(InvokeMethod.java:17)
	at org.junit.internal.runners.statements.FailOnTimeout$StatementThread.run(FailOnTimeout.java:74)
</failure>
                                               </testcase>
                     <system-out><![CDATA[]]></system-out>
                     <system-err><![CDATA[]]></system-err>
                   </testsuite>